{"numTotalTestSuites":5,"numPassedTestSuites":5,"numFailedTestSuites":0,"numPendingTestSuites":0,"numTotalTests":8,"numPassedTests":8,"numFailedTests":0,"numPendingTests":0,"numTodoTests":0,"snapshot":{"added":0,"failure":false,"filesAdded":0,"filesRemoved":0,"filesRemovedList":[],"filesUnmatched":0,"filesUpdated":0,"matched":0,"total":0,"unchecked":0,"uncheckedKeysByFile":[],"unmatched":0,"updated":0,"didUpdate":false},"startTime":1787110208606,"success":true,"testResults":[{"assertionResults":[{"ancestorTitles":["auth.logout"],"fullName":"auth.logout clears the session cookie and reports success","status":"passed","title":"clears the session cookie and reports success","duration":4.460210000000075,"failureMessages":[],"meta":{}}],"startTime":1787110209376,"endTime":1787110209380.4602,"status":"passed","message":"","name":"/home/ubuntu/soporteya-e3-backend/server/auth.logout.test.ts"},{"assertionResults":[{"ancestorTitles":["validaciones de tickets"],"fullName":"validaciones de tickets acepta un ticket completo","status":"passed","title":"acepta un ticket completo","duration":2.8222279999999955,"failureMessages":[],"meta":{}},{"ancestorTitles":["validaciones de tickets"],"fullName":"validaciones de tickets rechaza entradas incompletas","status":"passed","title":"rechaza entradas incompletas","duration":2.065908000000036,"failureMessages":[],"meta":{}},{"ancestorTitles":["políticas por rol"],"fullName":"políticas por rol limita al colaborador a sus tickets","status":"passed","title":"limita al colaborador a sus tickets","duration":0.36334899999997106,"failureMessages":[],"meta":{}},{"ancestorTitles":["políticas por rol"],"fullName":"políticas por rol limita al técnico a tickets asignados","status":"passed","title":"limita al técnico a tickets asignados","duration":0.2575369999999566,"failureMessages":[],"meta":{}},{"ancestorTitles":["políticas por rol"],"fullName":"políticas por rol reserva asignación e indicadores para coordinación","status":"passed","title":"reserva asignación e indicadores para coordinación","duration":0.33938899999998284,"failureMessages":[],"meta":{}},{"ancestorTitles":["políticas por rol"],"fullName":"políticas por rol rechaza dinámicamente una mutación sin autenticación","status":"passed","title":"rechaza dinámicamente una mutación sin autenticación","duration":2.3066720000000487,"failureMessages":[],"meta":{}},{"ancestorTitles":["políticas por rol"],"fullName":"políticas por rol rechaza dinámicamente indicadores para un técnico","status":"passed","title":"rechaza dinámicamente indicadores para un técnico","duration":0.5974350000000186,"failureMessages":[],"meta":{}}],"startTime":1787110209394,"endTime":1787110209403.5974,"status":"passed","message":"","name":"/home/ubuntu/soporteya-e3-backend/server/tickets.test.ts"}]}