{"numTotalTestSuites":5,"numPassedTestSuites":5,"numFailedTestSuites":0,"numPendingTestSuites":0,"numTotalTests":8,"numPassedTests":8,"numFailedTests":0,"numPendingTests":0,"numTodoTests":0,"snapshot":{"added":0,"failure":false,"filesAdded":0,"filesRemoved":0,"filesRemovedList":[],"filesUnmatched":0,"filesUpdated":0,"matched":0,"total":0,"unchecked":0,"uncheckedKeysByFile":[],"unmatched":0,"updated":0,"didUpdate":false},"startTime":1787111570019,"success":true,"testResults":[{"assertionResults":[{"ancestorTitles":["auth.logout"],"fullName":"auth.logout clears the session cookie and reports success","status":"passed","title":"clears the session cookie and reports success","duration":4.160089999999968,"failureMessages":[],"meta":{}}],"startTime":1787111570821,"endTime":1787111570825.1602,"status":"passed","message":"","name":"/home/ubuntu/soporteya-e3-backend/server/auth.logout.test.ts"},{"assertionResults":[{"ancestorTitles":["validaciones de tickets"],"fullName":"validaciones de tickets acepta un ticket completo","status":"passed","title":"acepta un ticket completo","duration":2.6116630000000214,"failureMessages":[],"meta":{}},{"ancestorTitles":["validaciones de tickets"],"fullName":"validaciones de tickets rechaza entradas incompletas","status":"passed","title":"rechaza entradas incompletas","duration":1.9551409999999123,"failureMessages":[],"meta":{}},{"ancestorTitles":["políticas por rol"],"fullName":"políticas por rol limita al colaborador a sus tickets","status":"passed","title":"limita al colaborador a sus tickets","duration":0.3758540000000039,"failureMessages":[],"meta":{}},{"ancestorTitles":["políticas por rol"],"fullName":"políticas por rol limita al técnico a tickets asignados","status":"passed","title":"limita al técnico a tickets asignados","duration":0.2617649999999685,"failureMessages":[],"meta":{}},{"ancestorTitles":["políticas por rol"],"fullName":"políticas por rol reserva asignación e indicadores para coordinación","status":"passed","title":"reserva asignación e indicadores para coordinación","duration":0.3311110000000781,"failureMessages":[],"meta":{}},{"ancestorTitles":["políticas por rol"],"fullName":"políticas por rol rechaza dinámicamente una mutación sin autenticación","status":"passed","title":"rechaza dinámicamente una mutación sin autenticación","duration":2.206641999999988,"failureMessages":[],"meta":{}},{"ancestorTitles":["políticas por rol"],"fullName":"políticas por rol rechaza dinámicamente indicadores para un técnico","status":"passed","title":"rechaza dinámicamente indicadores para un técnico","duration":0.5743959999999788,"failureMessages":[],"meta":{}}],"startTime":1787111570825,"endTime":1787111570834.5745,"status":"passed","message":"","name":"/home/ubuntu/soporteya-e3-backend/server/tickets.test.ts"}]}